<?xml version="1.0" encoding="UTF-8"?>
<!-- Generated by org.testng.reporters.JUnitXMLReporter -->
<testsuite hostname="EPINHYDW1144" name="Command line test" tests="2" failures="1" timestamp="8 Feb 2017 06:24:08 GMT" time="40.95" errors="0">
  <testcase name="loginToMBGroup" time="23.23" classname="com.epam.scenarios.NewBusiness"/>
  <testcase name="ApplicationPage" time="13.349" classname="com.epam.scenarios.NewBusiness">
    <failure type="com.epam.Utils.FrameworkExceptions" message="Unable to Find the Element with Locator Value   //div[contains(text(),&amp;apos;Applicant&amp;apos;)]&amp;apos;With in the Time 10">
      <![CDATA[com.epam.Utils.FrameworkExceptions: Unable to Find the Element with Locator Value   //div[contains(text(),'Applicant')]'With in the Time 10
	at com.epam.Reports.Reporter.ReportFailStep(Reporter.java:121)
	at com.epam.Utils.CommonFunctions.WaitForObjectExistance(CommonFunctions.java:67)
	at com.epam.scenarios.NewBusiness.ApplicationPage(NewBusiness.java:84)
	at com.epam.driver.CoreDriverScript.executeTestCases(CoreDriverScript.java:102)
	at com.epam.driver.CoreDriverScript.main(CoreDriverScript.java:138)
	at com.intellij.rt.execution.application.AppMain.main(AppMain.java:147)
... Removed 25 stack frames]]>
    </failure>
  </testcase> <!-- ApplicationPage -->
</testsuite> <!-- Command line test -->
