<?xml version="1.0" encoding="UTF-8"?>
<testng-results skipped="0" failed="1" total="2" passed="1">
  <reporter-output>
  </reporter-output>
  <suite name="Command line suite" duration-ms="40950" started-at="2017-02-08T06:23:27Z" finished-at="2017-02-08T06:24:08Z">
    <groups>
    </groups>
    <test name="Command line test" duration-ms="40950" started-at="2017-02-08T06:23:27Z" finished-at="2017-02-08T06:24:08Z">
      <class name="com.epam.scenarios.NewBusiness">
        <test-method status="PASS" signature="setup()[pri:0, instance:com.epam.scenarios.NewBusiness@2f162cc0]" name="setup" is-config="true" duration-ms="3517" started-at="2017-02-08T11:53:27Z" finished-at="2017-02-08T11:53:31Z">
          <reporter-output>
          </reporter-output>
        </test-method> <!-- setup -->
        <test-method status="PASS" signature="loginToMBGroup()[pri:0, instance:com.epam.scenarios.NewBusiness@2f162cc0]" name="loginToMBGroup" duration-ms="23230" started-at="2017-02-08T11:53:31Z" finished-at="2017-02-08T11:53:54Z">
          <reporter-output>
          </reporter-output>
        </test-method> <!-- loginToMBGroup -->
        <test-method status="FAIL" signature="ApplicationPage()[pri:0, instance:com.epam.scenarios.NewBusiness@2f162cc0]" name="ApplicationPage" duration-ms="13349" started-at="2017-02-08T11:53:54Z" depends-on-methods="com.epam.scenarios.NewBusiness.loginToMBGroup" finished-at="2017-02-08T11:54:07Z">
          <exception class="com.epam.Utils.FrameworkExceptions">
            <message>
              <![CDATA[Unable to Find the Element with Locator Value   //div[contains(text(),'Applicant')]'With in the Time 10]]>
            </message>
            <full-stacktrace>
              <![CDATA[com.epam.Utils.FrameworkExceptions: Unable to Find the Element with Locator Value   //div[contains(text(),'Applicant')]'With in the Time 10
	at com.epam.Reports.Reporter.ReportFailStep(Reporter.java:121)
	at com.epam.Utils.CommonFunctions.WaitForObjectExistance(CommonFunctions.java:67)
	at com.epam.scenarios.NewBusiness.ApplicationPage(NewBusiness.java:84)
	at sun.reflect.NativeMethodAccessorImpl.invoke0(Native Method)
	at sun.reflect.NativeMethodAccessorImpl.invoke(NativeMethodAccessorImpl.java:62)
	at sun.reflect.DelegatingMethodAccessorImpl.invoke(DelegatingMethodAccessorImpl.java:43)
	at java.lang.reflect.Method.invoke(Method.java:498)
	at org.testng.internal.MethodInvocationHelper.invokeMethod(MethodInvocationHelper.java:85)
	at org.testng.internal.Invoker.invokeMethod(Invoker.java:639)
	at org.testng.internal.Invoker.invokeTestMethod(Invoker.java:816)
	at org.testng.internal.Invoker.invokeTestMethods(Invoker.java:1124)
	at org.testng.internal.TestMethodWorker.invokeTestMethods(TestMethodWorker.java:125)
	at org.testng.internal.TestMethodWorker.run(TestMethodWorker.java:108)
	at org.testng.TestRunner.privateRun(TestRunner.java:774)
	at org.testng.TestRunner.run(TestRunner.java:624)
	at org.testng.SuiteRunner.runTest(SuiteRunner.java:359)
	at org.testng.SuiteRunner.runSequentially(SuiteRunner.java:354)
	at org.testng.SuiteRunner.privateRun(SuiteRunner.java:312)
	at org.testng.SuiteRunner.run(SuiteRunner.java:261)
	at org.testng.SuiteRunnerWorker.runSuite(SuiteRunnerWorker.java:52)
	at org.testng.SuiteRunnerWorker.run(SuiteRunnerWorker.java:86)
	at org.testng.TestNG.runSuitesSequentially(TestNG.java:1215)
	at org.testng.TestNG.runSuitesLocally(TestNG.java:1140)
	at org.testng.TestNG.run(TestNG.java:1048)
	at com.epam.driver.CoreDriverScript.executeTestCases(CoreDriverScript.java:102)
	at com.epam.driver.CoreDriverScript.main(CoreDriverScript.java:138)
	at sun.reflect.NativeMethodAccessorImpl.invoke0(Native Method)
	at sun.reflect.NativeMethodAccessorImpl.invoke(NativeMethodAccessorImpl.java:62)
	at sun.reflect.DelegatingMethodAccessorImpl.invoke(DelegatingMethodAccessorImpl.java:43)
	at java.lang.reflect.Method.invoke(Method.java:498)
	at com.intellij.rt.execution.application.AppMain.main(AppMain.java:147)
]]>
            </full-stacktrace>
          </exception> <!-- com.epam.Utils.FrameworkExceptions -->
          <reporter-output>
          </reporter-output>
        </test-method> <!-- ApplicationPage -->
        <test-method status="PASS" signature="stopTest()[pri:0, instance:com.epam.scenarios.NewBusiness@2f162cc0]" name="stopTest" is-config="true" duration-ms="854" started-at="2017-02-08T11:54:07Z" finished-at="2017-02-08T11:54:08Z">
          <reporter-output>
          </reporter-output>
        </test-method> <!-- stopTest -->
      </class> <!-- com.epam.scenarios.NewBusiness -->
    </test> <!-- Command line test -->
  </suite> <!-- Command line suite -->
</testng-results>
